1 126.727 278.755
2 126.781 306.413
3 129.163 331.778
4 136.484 359.402
5 147.874 383.692
6 161.483 401.555
7 181.574 413.166
8 210.406 419.347
9 235.351 412.1
10 253.159 393.555
11 260.324 374.594
12 265.673 353.696
13 269.112 328.696
14 270.06 303.591
15 268.425 279.702
16 264.121 260.288
17 252.019 247.043
18 234.486 246.152
19 224.966 254.677
20 237.939 256.664
21 251.464 258.098
22 144.506 260.597
23 158.778 246.206
24 179.377 244.467
25 195.819 255.573
26 178.977 255.943
27 162.202 258.163
28 155.892 278.031
29 169.521 268.726
30 186.556 277.568
31 169.598 282.048
32 169.466 275.2
33 257.691 278.105
34 242.827 268.54
35 228.129 278.456
36 242.643 282.585
37 242.354 275.562
38 200.365 277.944
39 197.276 300.86
40 188.442 319.205
41 194.088 332.248
42 214.923 335.845
43 231.769 331.991
44 234.678 318.134
45 225.972 300.077
46 219.945 277.545
47 202.725 326.519
48 226.523 327.047
49 179.979 359.989
50 191.876 354.02
51 202.831 351.136
52 213.109 352.276
53 221.401 351.667
54 231.125 353.466
55 240.468 358.606
56 230.82 367.618
57 220.405 369.747
58 210.508 369.874
59 199.121 369.726
60 190.371 366.671
61 198.059 363.145
62 211.85 364.125
63 225.586 362.692
64 225.627 358.43
65 212.449 358.619
66 199.661 358.584
67 212.146 361.592
68 215.703 314.134
