C:\USERS\LEO\DESKTOP\FINALSAMPLE\DEBUG\FINALSAMPLE.EXE
C:\Users\Leo\Desktop\finalSample\Debug\finalSample.exp
C:\Users\Leo\Desktop\finalSample\Debug\finalSample.lib
C:\USERS\LEO\DESKTOP\FINALSAMPLE\DEBUG\FINALSAMPLE.PDB
C:\Users\Leo\Desktop\finalSample\finalSample\Debug\cl.command.1.tlog
C:\Users\Leo\Desktop\finalSample\finalSample\Debug\CL.read.1.tlog
C:\Users\Leo\Desktop\finalSample\finalSample\Debug\CL.write.1.tlog
C:\USERS\LEO\DESKTOP\FINALSAMPLE\FINALSAMPLE\DEBUG\FACECROP.OBJ
C:\USERS\LEO\DESKTOP\FINALSAMPLE\FINALSAMPLE\DEBUG\FACEDETECTION.OBJ
C:\Users\Leo\Desktop\finalSample\finalSample\Debug\finalSample.exe.embed.manifest
C:\USERS\LEO\DESKTOP\FINALSAMPLE\FINALSAMPLE\DEBUG\FINALSAMPLE.EXE.EMBED.MANIFEST.RES
C:\USERS\LEO\DESKTOP\FINALSAMPLE\FINALSAMPLE\DEBUG\FINALSAMPLE.EXE.INTERMEDIATE.MANIFEST
C:\Users\Leo\Desktop\finalSample\finalSample\Debug\finalSample.vcxprojResolveAssemblyReference.cache
C:\Users\Leo\Desktop\finalSample\finalSample\Debug\finalSample.write.1.tlog
C:\Users\Leo\Desktop\finalSample\finalSample\Debug\finalSample_manifest.rc
C:\Users\Leo\Desktop\finalSample\finalSample\Debug\link.command.1.tlog
C:\Users\Leo\Desktop\finalSample\finalSample\Debug\link.read.1.tlog
C:\Users\Leo\Desktop\finalSample\finalSample\Debug\link.write.1.tlog
C:\USERS\LEO\DESKTOP\FINALSAMPLE\FINALSAMPLE\DEBUG\MAIN.OBJ
C:\Users\Leo\Desktop\finalSample\finalSample\Debug\mt.command.1.tlog
C:\Users\Leo\Desktop\finalSample\finalSample\Debug\mt.read.1.tlog
C:\Users\Leo\Desktop\finalSample\finalSample\Debug\mt.write.1.tlog
C:\USERS\LEO\DESKTOP\FINALSAMPLE\FINALSAMPLE\DEBUG\OPENCVASMALIGNMENT.OBJ
C:\Users\Leo\Desktop\finalSample\finalSample\Debug\rc.command.1.tlog
C:\Users\Leo\Desktop\finalSample\finalSample\Debug\rc.read.1.tlog
C:\Users\Leo\Desktop\finalSample\finalSample\Debug\rc.write.1.tlog
C:\Users\Leo\Desktop\finalSample\finalSample\Debug\vc100.idb
C:\USERS\LEO\DESKTOP\FINALSAMPLE\FINALSAMPLE\DEBUG\VC100.PDB
C:\Users\Leo\Desktop\finalSample\finalSample\Debug\vc90.idb
C:\Users\Leo\Desktop\finalSample\finalSample\Debug\vc90.pdb
